[2021-02-25 01:42:38] app.INFO: Protect vendor folder in module contactform [] []
[2021-02-25 01:42:38] app.INFO: Module contactform has no vendor folder [] []
[2021-02-25 01:42:39] app.INFO: Protect vendor folder in module dashactivity [] []
[2021-02-25 01:42:39] app.INFO: Module dashactivity has no vendor folder [] []
[2021-02-25 01:42:39] app.INFO: Protect vendor folder in module dashgoals [] []
[2021-02-25 01:42:39] app.INFO: Module dashgoals has no vendor folder [] []
[2021-02-25 01:42:39] app.INFO: Protect vendor folder in module dashproducts [] []
[2021-02-25 01:42:39] app.INFO: Module dashproducts has no vendor folder [] []
[2021-02-25 01:42:39] app.INFO: Protect vendor folder in module dashtrends [] []
[2021-02-25 01:42:39] app.INFO: Module dashtrends has no vendor folder [] []
[2021-02-25 01:42:40] app.INFO: Protect vendor folder in module graphnvd3 [] []
[2021-02-25 01:42:40] app.INFO: Module graphnvd3 has no vendor folder [] []
[2021-02-25 01:42:40] app.INFO: Protect vendor folder in module gridhtml [] []
[2021-02-25 01:42:40] app.INFO: Module gridhtml has no vendor folder [] []
[2021-02-25 01:42:40] app.INFO: Protect vendor folder in module gsitemap [] []
[2021-02-25 01:42:40] app.INFO: Module gsitemap has no vendor folder [] []
[2021-02-25 01:42:40] app.INFO: Protect vendor folder in module pagesnotfound [] []
[2021-02-25 01:42:40] app.INFO: Module pagesnotfound has no vendor folder [] []
[2021-02-25 01:42:41] app.INFO: Protect vendor folder in module productcomments [] []
[2021-02-25 01:42:41] app.INFO: Module productcomments has no vendor folder [] []
[2021-02-25 01:42:41] app.INFO: Protect vendor folder in module ps_banner [] []
[2021-02-25 01:42:41] app.INFO: Module ps_banner has no vendor folder [] []
[2021-02-25 01:42:41] app.INFO: Protect vendor folder in module ps_categorytree [] []
[2021-02-25 01:42:41] app.INFO: Module ps_categorytree has no vendor folder [] []
[2021-02-25 01:42:41] app.INFO: Protect vendor folder in module ps_checkpayment [] []
[2021-02-25 01:42:41] app.INFO: Module ps_checkpayment has no vendor folder [] []
[2021-02-25 01:42:41] app.INFO: Protect vendor folder in module ps_contactinfo [] []
[2021-02-25 01:42:41] app.INFO: Module ps_contactinfo has no vendor folder [] []
[2021-02-25 01:42:41] app.INFO: Protect vendor folder in module ps_crossselling [] []
[2021-02-25 01:42:41] app.INFO: Module ps_crossselling has no vendor folder [] []
[2021-02-25 01:42:42] app.INFO: Protect vendor folder in module ps_currencyselector [] []
[2021-02-25 01:42:42] app.INFO: Module ps_currencyselector has no vendor folder [] []
[2021-02-25 01:42:42] app.INFO: Protect vendor folder in module ps_customeraccountlinks [] []
[2021-02-25 01:42:42] app.INFO: Module ps_customeraccountlinks has no vendor folder [] []
[2021-02-25 01:42:42] app.INFO: Protect vendor folder in module ps_customersignin [] []
[2021-02-25 01:42:42] app.INFO: Module ps_customersignin has no vendor folder [] []
[2021-02-25 01:42:42] app.INFO: Protect vendor folder in module ps_customtext [] []
[2021-02-25 01:42:42] app.INFO: Module ps_customtext has no vendor folder [] []
[2021-02-25 01:42:42] app.INFO: Protect vendor folder in module ps_dataprivacy [] []
[2021-02-25 01:42:42] app.INFO: Module ps_dataprivacy has no vendor folder [] []
[2021-02-25 01:42:43] app.INFO: Protect vendor folder in module ps_emailsubscription [] []
[2021-02-25 01:42:43] app.INFO: Module ps_emailsubscription has no vendor folder [] []
[2021-02-25 01:42:44] app.INFO: Protect vendor folder in module ps_facetedsearch [] []
[2021-02-25 01:42:44] app.INFO: Module ps_facetedsearch has no vendor folder [] []
[2021-02-25 01:42:44] app.INFO: Protect vendor folder in module ps_faviconnotificationbo [] []
[2021-02-25 01:42:44] app.INFO: Module ps_faviconnotificationbo has no vendor folder [] []
[2021-02-25 01:42:44] app.INFO: Protect vendor folder in module ps_featuredproducts [] []
[2021-02-25 01:42:44] app.INFO: Module ps_featuredproducts has no vendor folder [] []
[2021-02-25 01:42:44] app.INFO: Protect vendor folder in module ps_imageslider [] []
[2021-02-25 01:42:44] app.INFO: Module ps_imageslider has no vendor folder [] []
[2021-02-25 01:42:45] app.INFO: Protect vendor folder in module ps_languageselector [] []
[2021-02-25 01:42:45] app.INFO: Module ps_languageselector has no vendor folder [] []
[2021-02-25 01:42:45] app.INFO: Protect vendor folder in module ps_linklist [] []
[2021-02-25 01:42:45] app.INFO: Module ps_linklist has no vendor folder [] []
[2021-02-25 01:42:45] app.ERROR: Cannot register tab "AdminLinkWidget" because it already exists [] []
[2021-02-25 01:42:45] app.INFO: Protect vendor folder in module ps_mainmenu [] []
[2021-02-25 01:42:45] app.INFO: Module ps_mainmenu has no vendor folder [] []
[2021-02-25 01:42:45] app.INFO: Protect vendor folder in module ps_searchbar [] []
[2021-02-25 01:42:45] app.INFO: Module ps_searchbar has no vendor folder [] []
[2021-02-25 01:42:46] app.INFO: Protect vendor folder in module ps_sharebuttons [] []
[2021-02-25 01:42:46] app.INFO: Module ps_sharebuttons has no vendor folder [] []
[2021-02-25 01:42:46] app.INFO: Protect vendor folder in module ps_shoppingcart [] []
[2021-02-25 01:42:46] app.INFO: Module ps_shoppingcart has no vendor folder [] []
[2021-02-25 01:42:46] app.INFO: Protect vendor folder in module ps_socialfollow [] []
[2021-02-25 01:42:46] app.INFO: Module ps_socialfollow has no vendor folder [] []
[2021-02-25 01:42:46] app.INFO: Protect vendor folder in module ps_themecusto [] []
[2021-02-25 01:42:46] app.INFO: Module ps_themecusto has no vendor folder [] []
[2021-02-25 01:42:46] app.INFO: Protect vendor folder in module ps_wirepayment [] []
[2021-02-25 01:42:46] app.INFO: Module ps_wirepayment has no vendor folder [] []
[2021-02-25 01:42:46] app.INFO: Protect vendor folder in module sekeywords [] []
[2021-02-25 01:42:46] app.INFO: Module sekeywords has no vendor folder [] []
[2021-02-25 01:42:47] app.INFO: Protect vendor folder in module statsbestcategories [] []
[2021-02-25 01:42:47] app.INFO: Module statsbestcategories has no vendor folder [] []
[2021-02-25 01:42:47] app.INFO: Protect vendor folder in module statsbestcustomers [] []
[2021-02-25 01:42:47] app.INFO: Module statsbestcustomers has no vendor folder [] []
[2021-02-25 01:42:47] app.INFO: Protect vendor folder in module statsbestproducts [] []
[2021-02-25 01:42:47] app.INFO: Module statsbestproducts has no vendor folder [] []
[2021-02-25 01:42:47] app.INFO: Protect vendor folder in module statsbestsuppliers [] []
[2021-02-25 01:42:47] app.INFO: Module statsbestsuppliers has no vendor folder [] []
[2021-02-25 01:42:47] app.INFO: Protect vendor folder in module statsbestvouchers [] []
[2021-02-25 01:42:47] app.INFO: Module statsbestvouchers has no vendor folder [] []
[2021-02-25 01:42:47] app.INFO: Protect vendor folder in module statscarrier [] []
[2021-02-25 01:42:47] app.INFO: Module statscarrier has no vendor folder [] []
[2021-02-25 01:42:47] app.INFO: Protect vendor folder in module statscatalog [] []
[2021-02-25 01:42:47] app.INFO: Module statscatalog has no vendor folder [] []
[2021-02-25 01:42:47] app.INFO: Protect vendor folder in module statscheckup [] []
[2021-02-25 01:42:47] app.INFO: Module statscheckup has no vendor folder [] []
[2021-02-25 01:42:47] app.INFO: Protect vendor folder in module statsdata [] []
[2021-02-25 01:42:47] app.INFO: Module statsdata has no vendor folder [] []
[2021-02-25 01:42:47] app.INFO: Protect vendor folder in module statsequipment [] []
[2021-02-25 01:42:47] app.INFO: Module statsequipment has no vendor folder [] []
[2021-02-25 01:42:48] app.INFO: Protect vendor folder in module statsforecast [] []
[2021-02-25 01:42:48] app.INFO: Module statsforecast has no vendor folder [] []
[2021-02-25 01:42:48] app.INFO: Protect vendor folder in module statslive [] []
[2021-02-25 01:42:48] app.INFO: Module statslive has no vendor folder [] []
[2021-02-25 01:42:48] app.INFO: Protect vendor folder in module statsnewsletter [] []
[2021-02-25 01:42:48] app.INFO: Module statsnewsletter has no vendor folder [] []
[2021-02-25 01:42:48] app.INFO: Protect vendor folder in module statsorigin [] []
[2021-02-25 01:42:48] app.INFO: Module statsorigin has no vendor folder [] []
[2021-02-25 01:42:48] app.INFO: Protect vendor folder in module statspersonalinfos [] []
[2021-02-25 01:42:48] app.INFO: Module statspersonalinfos has no vendor folder [] []
[2021-02-25 01:42:48] app.INFO: Protect vendor folder in module statsproduct [] []
[2021-02-25 01:42:48] app.INFO: Module statsproduct has no vendor folder [] []
[2021-02-25 01:42:48] app.INFO: Protect vendor folder in module statsregistrations [] []
[2021-02-25 01:42:48] app.INFO: Module statsregistrations has no vendor folder [] []
[2021-02-25 01:42:48] app.INFO: Protect vendor folder in module statssales [] []
[2021-02-25 01:42:48] app.INFO: Module statssales has no vendor folder [] []
[2021-02-25 01:42:48] app.INFO: Protect vendor folder in module statssearch [] []
[2021-02-25 01:42:48] app.INFO: Module statssearch has no vendor folder [] []
[2021-02-25 01:42:48] app.INFO: Protect vendor folder in module statsstock [] []
[2021-02-25 01:42:48] app.INFO: Module statsstock has no vendor folder [] []
[2021-02-25 01:42:49] app.INFO: Protect vendor folder in module statsvisits [] []
[2021-02-25 01:42:49] app.INFO: Module statsvisits has no vendor folder [] []
[2021-02-25 01:42:49] app.INFO: Protect vendor folder in module welcome [] []
[2021-02-25 01:42:49] app.INFO: Module welcome has no vendor folder [] []
[2021-02-25 01:42:50] app.INFO: Exporting mail with theme modern for language Español (Spanish) [] []
[2021-02-25 01:42:50] app.INFO: Core output folder: /var/www/html/tutienda360/mails [] []
[2021-02-25 01:42:50] app.INFO: Modules output folder: /var/www/html/tutienda360/modules/ [] []
[2021-02-25 01:42:52] app.INFO: Exporting mail with theme modern for language Español PE (Spanish) [] []
[2021-02-25 01:42:52] app.INFO: Core output folder: /var/www/html/tutienda360/mails [] []
[2021-02-25 01:42:52] app.INFO: Modules output folder: /var/www/html/tutienda360/modules/ [] []
[2021-03-07 11:35:04] request.INFO: Matched route "admin_themes_enable". {"route":"admin_themes_enable","route_parameters":{"_controller":"PrestaShopBundle\\Controller\\Admin\\Improve\\Design\\ThemeController::enableAction","_legacy_controller":"AdminThemes","_legacy_link":"AdminThemes:enableTheme","_legacy_parameters":{"theme_name":"themeName"},"themeName":"shopkart_lite","_route":"admin_themes_enable"},"request_uri":"https://demo.tutienda360.com/administrador/index.php/improve/design/themes/shopkart_lite/enable?_token=noI3krhhEMpZUWRcrxyU1NiVfHMQ-5BtvLfu55YAtiw","method":"POST"} []
[2021-03-07 11:35:05] security.DEBUG: Read existing security token from the session. {"key":"_security_main","token_class":"Symfony\\Component\\Security\\Core\\Authentication\\Token\\UsernamePasswordToken"} []
[2021-03-07 11:35:05] security.DEBUG: User was reloaded from a user provider. {"provider":"PrestaShopBundle\\Security\\Admin\\EmployeeProvider","username":"admin@tutienda360.com"} []
[2021-03-07 11:35:07] app.INFO: Protect vendor folder in module ps_newproducts [] []
[2021-03-07 11:35:07] app.INFO: Protect vendor folder in module ps_socialfollow [] []
[2021-03-07 11:35:07] app.INFO: Module ps_socialfollow has no vendor folder [] []
[2021-03-07 11:35:07] app.INFO: Protect vendor folder in module ht_scrolltop [] []
[2021-03-07 11:35:07] app.INFO: Module ht_scrolltop has no vendor folder [] []
[2021-03-07 11:35:07] app.INFO: Protect vendor folder in module ht_staticblocks [] []
[2021-03-07 11:35:07] app.INFO: Module ht_staticblocks has no vendor folder [] []
[2021-03-07 11:35:07] app.INFO: Protect vendor folder in module ht_brandlist [] []
[2021-03-07 11:35:07] app.INFO: Module ht_brandlist has no vendor folder [] []
[2021-03-07 11:35:07] app.INFO: Protect vendor folder in module ht_googleanalytics [] []
[2021-03-07 11:35:07] app.INFO: Module ht_googleanalytics has no vendor folder [] []
[2021-03-07 11:35:08] request.CRITICAL: Uncaught PHP Exception Symfony\Component\Debug\Exception\FatalErrorException: "Compile Error: require(): Failed opening required '/var/www/html/tutienda360/var/cache/prod/ContainerKftgauo/getRouting_LoaderService.php' (include_path='/var/www/html/tutienda360/vendor/pear/pear_exception:/var/www/html/tutienda360/vendor/pear/console_getopt:/var/www/html/tutienda360/vendor/pear/pear-core-minimal/src:/var/www/html/tutienda360/vendor/pear/archive_tar:.:/usr/share/php')" at /var/www/html/tutienda360/var/cache/prod/ContainerKftgauo/appProdProjectContainer.php line 2231 {"exception":"[object] (Symfony\\Component\\Debug\\Exception\\FatalErrorException(code: 0): Compile Error: require(): Failed opening required '/var/www/html/tutienda360/var/cache/prod/ContainerKftgauo/getRouting_LoaderService.php' (include_path='/var/www/html/tutienda360/vendor/pear/pear_exception:/var/www/html/tutienda360/vendor/pear/console_getopt:/var/www/html/tutienda360/vendor/pear/pear-core-minimal/src:/var/www/html/tutienda360/vendor/pear/archive_tar:.:/usr/share/php') at /var/www/html/tutienda360/var/cache/prod/ContainerKftgauo/appProdProjectContainer.php:2231)"} []
[2021-03-10 16:37:37] request.INFO: Matched route "api_translation_value_edit". {"route":"api_translation_value_edit","route_parameters":{"_controller":"prestashop.core.api.translation.controller:translationEditAction","_legacy_controller":"AdminTranslations","_route":"api_translation_value_edit"},"request_uri":"https://demo.tutienda360.com/administrador/index.php/api/translations/edit?_token=m4ZKriLM1Zi0DwpicOQ0_KwrW32ggP31YerrPbeGPgk","method":"POST"} []
[2021-03-10 16:37:37] security.DEBUG: Read existing security token from the session. {"key":"_security_main","token_class":"Symfony\\Component\\Security\\Core\\Authentication\\Token\\UsernamePasswordToken"} []
[2021-03-10 16:37:37] security.DEBUG: User was reloaded from a user provider. {"provider":"PrestaShopBundle\\Security\\Admin\\EmployeeProvider","username":"admin@tutienda360.com"} []
[2021-03-10 16:37:37] app.ERROR: You must specify as many arguments (%d, %s ...) as the original string. [] []
[2021-03-10 16:37:37] cache.WARNING: Failed to clear the cache {"exception":"[object] (UnexpectedValueException(code: 0): RecursiveDirectoryIterator::__construct(/var/www/html/tutienda360/var/cache/prod/pools/M1Jq0T0N0P/): failed to open dir: No such file or directory at /var/www/html/tutienda360/vendor/symfony/symfony/src/Symfony/Component/Cache/Traits/FilesystemCommonTrait.php:58)"} []
[2021-03-10 16:37:37] cache.WARNING: Failed to clear the cache {"exception":"[object] (UnexpectedValueException(code: 0): RecursiveDirectoryIterator::__construct(/var/www/html/tutienda360/var/cache/prod/pools/GnFq6OIP0z/): failed to open dir: No such file or directory at /var/www/html/tutienda360/vendor/symfony/symfony/src/Symfony/Component/Cache/Traits/FilesystemCommonTrait.php:58)"} []
[2021-03-10 16:37:37] cache.WARNING: Failed to clear the cache {"exception":"[object] (UnexpectedValueException(code: 0): RecursiveDirectoryIterator::__construct(/var/www/html/tutienda360/var/cache/prod/pools/cmPhKMmuqD/): failed to open dir: No such file or directory at /var/www/html/tutienda360/vendor/symfony/symfony/src/Symfony/Component/Cache/Traits/FilesystemCommonTrait.php:58)"} []
[2021-03-10 16:37:37] cache.WARNING: Failed to clear the cache {"exception":"[object] (UnexpectedValueException(code: 0): RecursiveDirectoryIterator::__construct(/var/www/html/tutienda360/var/cache/prod/pools/I6+pObYKSe/): failed to open dir: No such file or directory at /var/www/html/tutienda360/vendor/symfony/symfony/src/Symfony/Component/Cache/Traits/FilesystemCommonTrait.php:58)"} []
[2021-03-10 16:37:37] security.DEBUG: Stored the security token in the session. {"key":"_security_main"} []
[2021-03-10 16:51:27] request.INFO: Matched route "api_translation_value_edit". {"route":"api_translation_value_edit","route_parameters":{"_controller":"prestashop.core.api.translation.controller:translationEditAction","_legacy_controller":"AdminTranslations","_route":"api_translation_value_edit"},"request_uri":"https://demo.tutienda360.com/administrador/index.php/api/translations/edit?_token=m4ZKriLM1Zi0DwpicOQ0_KwrW32ggP31YerrPbeGPgk","method":"POST"} []
[2021-03-10 16:51:27] security.DEBUG: Read existing security token from the session. {"key":"_security_main","token_class":"Symfony\\Component\\Security\\Core\\Authentication\\Token\\UsernamePasswordToken"} []
[2021-03-10 16:51:27] security.DEBUG: User was reloaded from a user provider. {"provider":"PrestaShopBundle\\Security\\Admin\\EmployeeProvider","username":"admin@tutienda360.com"} []
[2021-03-10 16:51:27] app.ERROR: You must specify as many arguments (%d, %s ...) as the original string. [] []
[2021-03-10 16:51:27] cache.WARNING: Failed to clear the cache {"exception":"[object] (UnexpectedValueException(code: 0): RecursiveDirectoryIterator::__construct(/var/www/html/tutienda360/var/cache/prod/pools/M1Jq0T0N0P/): failed to open dir: No such file or directory at /var/www/html/tutienda360/vendor/symfony/symfony/src/Symfony/Component/Cache/Traits/FilesystemCommonTrait.php:58)"} []
[2021-03-10 16:51:27] cache.WARNING: Failed to clear the cache {"exception":"[object] (UnexpectedValueException(code: 0): RecursiveDirectoryIterator::__construct(/var/www/html/tutienda360/var/cache/prod/pools/GnFq6OIP0z/): failed to open dir: No such file or directory at /var/www/html/tutienda360/vendor/symfony/symfony/src/Symfony/Component/Cache/Traits/FilesystemCommonTrait.php:58)"} []
[2021-03-10 16:51:27] cache.WARNING: Failed to clear the cache {"exception":"[object] (UnexpectedValueException(code: 0): RecursiveDirectoryIterator::__construct(/var/www/html/tutienda360/var/cache/prod/pools/cmPhKMmuqD/): failed to open dir: No such file or directory at /var/www/html/tutienda360/vendor/symfony/symfony/src/Symfony/Component/Cache/Traits/FilesystemCommonTrait.php:58)"} []
[2021-03-10 16:51:27] cache.WARNING: Failed to clear the cache {"exception":"[object] (UnexpectedValueException(code: 0): RecursiveDirectoryIterator::__construct(/var/www/html/tutienda360/var/cache/prod/pools/I6+pObYKSe/): failed to open dir: No such file or directory at /var/www/html/tutienda360/vendor/symfony/symfony/src/Symfony/Component/Cache/Traits/FilesystemCommonTrait.php:58)"} []
[2021-03-10 16:51:27] security.DEBUG: Stored the security token in the session. {"key":"_security_main"} []
[2021-03-14 20:23:33] request.ERROR: Uncaught PHP Exception Symfony\Component\HttpKernel\Exception\MethodNotAllowedHttpException: "No route found for "GET /improve/design/themes/next/enable": Method Not Allowed (Allow: POST)" at /var/www/html/tutienda360/vendor/symfony/symfony/src/Symfony/Component/HttpKernel/EventListener/RouterListener.php line 141 {"exception":"[object] (Symfony\\Component\\HttpKernel\\Exception\\MethodNotAllowedHttpException(code: 0): No route found for \"GET /improve/design/themes/next/enable\": Method Not Allowed (Allow: POST) at /var/www/html/tutienda360/vendor/symfony/symfony/src/Symfony/Component/HttpKernel/EventListener/RouterListener.php:141, Symfony\\Component\\Routing\\Exception\\MethodNotAllowedException(code: 0):  at /var/www/html/tutienda360/var/cache/prod/appProdProjectContainerUrlMatcher.php:6538)"} []
